# JRE version: OpenJDK Runtime Environment (8.0_302-b08) (build 1.8.0_302-b08)
# Java VM: OpenJDK 64-Bit Server VM (25.302-b08 mixed mode windows-amd64 compressed oops)
Heap:
 garbage-first heap   total 421888K, used 84632K [0x0000000640000000, 0x0000000640100ce0, 0x00000007c0000000)
  region size 1024K, 1 young (1024K), 1 survivors (1024K)
 Metaspace       used 36426K, capacity 38432K, committed 38528K, reserved 1083392K
  class space    used 4033K, capacity 4440K, committed 4480K, reserved 1048576K
GC Heap History (10 events):
Event: 360.673 GC heap after
Heap after GC invocations=99 (full 0):
 garbage-first heap   total 105472K, used 82620K [0x0000000640000000, 0x0000000640100338, 0x00000007c0000000)
  region size 1024K, 2 young (2048K), 2 survivors (2048K)
 Metaspace       used 36426K, capacity 38432K, committed 38528K, reserved 1083392K
  class space    used 4033K, capacity 4440K, committed 4480K, reserved 1048576K
}
Event: 360.679 GC heap before
{Heap before GC invocations=99 (full 0):
 garbage-first heap   total 105472K, used 89788K [0x0000000640000000, 0x0000000640100338, 0x00000007c0000000)
  region size 1024K, 9 young (9216K), 2 survivors (2048K)
 Metaspace       used 36426K, capacity 38432K, committed 38528K, reserved 1083392K
  class space    used 4033K, capacity 4440K, committed 4480K, reserved 1048576K
Event: 360.686 GC heap after
Heap after GC invocations=100 (full 0):
 garbage-first heap   total 105472K, used 82636K [0x0000000640000000, 0x0000000640100338, 0x00000007c0000000)
  region size 1024K, 1 young (1024K), 1 survivors (1024K)
 Metaspace       used 36426K, capacity 38432K, committed 38528K, reserved 1083392K
  class space    used 4033K, capacity 4440K, committed 4480K, reserved 1048576K
}
Event: 360.695 GC heap before
{Heap before GC invocations=100 (full 0):
 garbage-first heap   total 105472K, used 89804K [0x0000000640000000, 0x0000000640100338, 0x00000007c0000000)
  region size 1024K, 8 young (8192K), 1 survivors (1024K)
 Metaspace       used 36426K, capacity 38432K, committed 38528K, reserved 1083392K
  class space    used 4033K, capacity 4440K, committed 4480K, reserved 1048576K
Event: 360.701 GC heap after
Heap after GC invocations=101 (full 0):
 garbage-first heap   total 105472K, used 82540K [0x0000000640000000, 0x0000000640100338, 0x00000007c0000000)
  region size 1024K, 1 young (1024K), 1 survivors (1024K)
 Metaspace       used 36426K, capacity 38432K, committed 38528K, reserved 1083392K
  class space    used 4033K, capacity 4440K, committed 4480K, reserved 1048576K
}
Event: 360.704 GC heap before
{Heap before GC invocations=101 (full 0):
 garbage-first heap   total 105472K, used 91357K [0x0000000640000000, 0x0000000640100338, 0x00000007c0000000)
  region size 1024K, 9 young (9216K), 1 survivors (1024K)
 Metaspace       used 36426K, capacity 38432K, committed 38528K, reserved 1083392K
  class space    used 4033K, capacity 4440K, committed 4480K, reserved 1048576K
Event: 360.709 GC heap after
Heap after GC invocations=102 (full 0):
 garbage-first heap   total 105472K, used 82873K [0x0000000640000000, 0x0000000640100338, 0x00000007c0000000)
  region size 1024K, 1 young (1024K), 1 survivors (1024K)
 Metaspace       used 36426K, capacity 38432K, committed 38528K, reserved 1083392K
  class space    used 4033K, capacity 4440K, committed 4480K, reserved 1048576K
}
Event: 360.712 GC heap before
{Heap before GC invocations=102 (full 0):
 garbage-first heap   total 105472K, used 90041K [0x0000000640000000, 0x0000000640100338, 0x00000007c0000000)
  region size 1024K, 8 young (8192K), 1 survivors (1024K)
 Metaspace       used 36426K, capacity 38432K, committed 38528K, reserved 1083392K
  class space    used 4033K, capacity 4440K, committed 4480K, reserved 1048576K
Event: 360.726 GC heap after
Heap after GC invocations=103 (full 0):
 garbage-first heap   total 210944K, used 83004K [0x0000000640000000, 0x0000000640100670, 0x00000007c0000000)
  region size 1024K, 1 young (1024K), 1 survivors (1024K)
 Metaspace       used 36426K, capacity 38432K, committed 38528K, reserved 1083392K
  class space    used 4033K, capacity 4440K, committed 4480K, reserved 1048576K
}
Event: 360.889 GC heap before
{Heap before GC invocations=103 (full 0):
 garbage-first heap   total 210944K, used 174333K [0x0000000640000000, 0x0000000640100670, 0x00000007c0000000)
  region size 1024K, 85 young (87040K), 1 survivors (1024K)
 Metaspace       used 36426K, capacity 38432K, committed 38528K, reserved 1083392K
  class space    used 4033K, capacity 4440K, committed 4480K, reserved 1048576K

