# JRE version: OpenJDK Runtime Environment (8.0_302-b08) (build 1.8.0_302-b08)
# Java VM: OpenJDK 64-Bit Server VM (25.302-b08 mixed mode windows-amd64 compressed oops)
Heap:
 garbage-first heap   total 91136K, used 46390K [0x0000000640000000, 0x00000006401002c8, 0x00000007c0000000)
  region size 1024K, 7 young (7168K), 2 survivors (2048K)
 Metaspace       used 29533K, capacity 30452K, committed 30592K, reserved 1077248K
  class space    used 3417K, capacity 3636K, committed 3712K, reserved 1048576K
GC Heap History (10 events):
Event: 123.478 GC heap before
{Heap before GC invocations=17 (full 0):
 garbage-first heap   total 91136K, used 74589K [0x0000000640000000, 0x00000006401002c8, 0x00000007c0000000)
  region size 1024K, 34 young (34816K), 5 survivors (5120K)
 Metaspace       used 28235K, capacity 29102K, committed 29440K, reserved 1075200K
  class space    used 3281K, capacity 3489K, committed 3584K, reserved 1048576K
Event: 123.537 GC heap after
Heap after GC invocations=18 (full 0):
 garbage-first heap   total 91136K, used 47239K [0x0000000640000000, 0x00000006401002c8, 0x00000007c0000000)
  region size 1024K, 5 young (5120K), 5 survivors (5120K)
 Metaspace       used 28235K, capacity 29102K, committed 29440K, reserved 1075200K
  class space    used 3281K, capacity 3489K, committed 3584K, reserved 1048576K
}
Event: 124.658 GC heap before
{Heap before GC invocations=18 (full 0):
 garbage-first heap   total 91136K, used 48263K [0x0000000640000000, 0x00000006401002c8, 0x00000007c0000000)
  region size 1024K, 6 young (6144K), 5 survivors (5120K)
 Metaspace       used 28273K, capacity 29110K, committed 29440K, reserved 1075200K
  class space    used 3287K, capacity 3491K, committed 3584K, reserved 1048576K
Event: 124.712 GC heap after
Heap after GC invocations=19 (full 0):
 garbage-first heap   total 91136K, used 40797K [0x0000000640000000, 0x00000006401002c8, 0x00000007c0000000)
  region size 1024K, 1 young (1024K), 1 survivors (1024K)
 Metaspace       used 28273K, capacity 29110K, committed 29440K, reserved 1075200K
  class space    used 3287K, capacity 3491K, committed 3584K, reserved 1048576K
}
Event: 125.492 GC heap before
{Heap before GC invocations=19 (full 0):
 garbage-first heap   total 91136K, used 43869K [0x0000000640000000, 0x00000006401002c8, 0x00000007c0000000)
  region size 1024K, 4 young (4096K), 1 survivors (1024K)
 Metaspace       used 28337K, capacity 29192K, committed 29440K, reserved 1075200K
  class space    used 3294K, capacity 3494K, committed 3584K, reserved 1048576K
Event: 125.538 GC heap after
Heap after GC invocations=20 (full 0):
 garbage-first heap   total 91136K, used 41573K [0x0000000640000000, 0x00000006401002c8, 0x00000007c0000000)
  region size 1024K, 1 young (1024K), 1 survivors (1024K)
 Metaspace       used 28337K, capacity 29192K, committed 29440K, reserved 1075200K
  class space    used 3294K, capacity 3494K, committed 3584K, reserved 1048576K
}
Event: 157.564 GC heap before
{Heap before GC invocations=20 (full 0):
 garbage-first heap   total 91136K, used 76389K [0x0000000640000000, 0x00000006401002c8, 0x00000007c0000000)
  region size 1024K, 35 young (35840K), 1 survivors (1024K)
 Metaspace       used 29332K, capacity 30288K, committed 30592K, reserved 1077248K
  class space    used 3401K, capacity 3630K, committed 3712K, reserved 1048576K
Event: 157.675 GC heap after
Heap after GC invocations=21 (full 0):
 garbage-first heap   total 91136K, used 42311K [0x0000000640000000, 0x00000006401002c8, 0x00000007c0000000)
  region size 1024K, 2 young (2048K), 2 survivors (2048K)
 Metaspace       used 29332K, capacity 30288K, committed 30592K, reserved 1077248K
  class space    used 3401K, capacity 3630K, committed 3712K, reserved 1048576K
}
Event: 161.319 GC heap before
{Heap before GC invocations=21 (full 0):
 garbage-first heap   total 91136K, used 77127K [0x0000000640000000, 0x00000006401002c8, 0x00000007c0000000)
  region size 1024K, 36 young (36864K), 2 survivors (2048K)
 Metaspace       used 29526K, capacity 30446K, committed 30592K, reserved 1077248K
  class space    used 3417K, capacity 3635K, committed 3712K, reserved 1048576K
Event: 161.360 GC heap after
Heap after GC invocations=22 (full 0):
 garbage-first heap   total 91136K, used 42294K [0x0000000640000000, 0x00000006401002c8, 0x00000007c0000000)
  region size 1024K, 2 young (2048K), 2 survivors (2048K)
 Metaspace       used 29526K, capacity 30446K, committed 30592K, reserved 1077248K
  class space    used 3417K, capacity 3635K, committed 3712K, reserved 1048576K
}

