# JRE version: OpenJDK Runtime Environment (8.0_302-b08) (build 1.8.0_302-b08)
# Java VM: OpenJDK 64-Bit Server VM (25.302-b08 mixed mode windows-amd64 compressed oops)
Heap:
 garbage-first heap   total 91136K, used 68902K [0x0000000640000000, 0x00000006401002c8, 0x00000007c0000000)
  region size 1024K, 27 young (27648K), 1 survivors (1024K)
 Metaspace       used 27010K, capacity 28102K, committed 28288K, reserved 1075200K
  class space    used 3105K, capacity 3364K, committed 3456K, reserved 1048576K
GC Heap History (10 events):
Event: 147.201 GC heap before
{Heap before GC invocations=29 (full 0):
 garbage-first heap   total 91136K, used 46298K [0x0000000640000000, 0x00000006401002c8, 0x00000007c0000000)
  region size 1024K, 4 young (4096K), 1 survivors (1024K)
 Metaspace       used 26730K, capacity 27872K, committed 28032K, reserved 1073152K
  class space    used 3082K, capacity 3347K, committed 3456K, reserved 1048576K
Event: 147.218 GC heap after
Heap after GC invocations=30 (full 0):
 garbage-first heap   total 91136K, used 45641K [0x0000000640000000, 0x00000006401002c8, 0x00000007c0000000)
  region size 1024K, 1 young (1024K), 1 survivors (1024K)
 Metaspace       used 26730K, capacity 27872K, committed 28032K, reserved 1073152K
  class space    used 3082K, capacity 3347K, committed 3456K, reserved 1048576K
}
Event: 152.495 GC heap before
{Heap before GC invocations=30 (full 0):
 garbage-first heap   total 91136K, used 78409K [0x0000000640000000, 0x00000006401002c8, 0x00000007c0000000)
  region size 1024K, 33 young (33792K), 1 survivors (1024K)
 Metaspace       used 26734K, capacity 27872K, committed 28032K, reserved 1073152K
  class space    used 3082K, capacity 3347K, committed 3456K, reserved 1048576K
Event: 152.508 GC heap after
Heap after GC invocations=31 (full 0):
 garbage-first heap   total 91136K, used 45534K [0x0000000640000000, 0x00000006401002c8, 0x00000007c0000000)
  region size 1024K, 1 young (1024K), 1 survivors (1024K)
 Metaspace       used 26734K, capacity 27872K, committed 28032K, reserved 1073152K
  class space    used 3082K, capacity 3347K, committed 3456K, reserved 1048576K
}
Event: 155.368 GC heap before
{Heap before GC invocations=31 (full 0):
 garbage-first heap   total 91136K, used 78302K [0x0000000640000000, 0x00000006401002c8, 0x00000007c0000000)
  region size 1024K, 33 young (33792K), 1 survivors (1024K)
 Metaspace       used 26957K, capacity 28102K, committed 28288K, reserved 1075200K
  class space    used 3105K, capacity 3364K, committed 3456K, reserved 1048576K
Event: 155.386 GC heap after
Heap after GC invocations=32 (full 0):
 garbage-first heap   total 91136K, used 46787K [0x0000000640000000, 0x00000006401002c8, 0x00000007c0000000)
  region size 1024K, 2 young (2048K), 2 survivors (2048K)
 Metaspace       used 26957K, capacity 28102K, committed 28288K, reserved 1075200K
  class space    used 3105K, capacity 3364K, committed 3456K, reserved 1048576K
}
Event: 158.483 GC heap before
{Heap before GC invocations=33 (full 0):
 garbage-first heap   total 91136K, used 78531K [0x0000000640000000, 0x00000006401002c8, 0x00000007c0000000)
  region size 1024K, 33 young (33792K), 2 survivors (2048K)
 Metaspace       used 26978K, capacity 28102K, committed 28288K, reserved 1075200K
  class space    used 3105K, capacity 3364K, committed 3456K, reserved 1048576K
Event: 158.492 GC heap after
Heap after GC invocations=34 (full 0):
 garbage-first heap   total 91136K, used 47144K [0x0000000640000000, 0x00000006401002c8, 0x00000007c0000000)
  region size 1024K, 2 young (2048K), 2 survivors (2048K)
 Metaspace       used 26978K, capacity 28102K, committed 28288K, reserved 1075200K
  class space    used 3105K, capacity 3364K, committed 3456K, reserved 1048576K
}
Event: 158.648 GC heap before
{Heap before GC invocations=34 (full 0):
 garbage-first heap   total 91136K, used 49192K [0x0000000640000000, 0x00000006401002c8, 0x00000007c0000000)
  region size 1024K, 4 young (4096K), 2 survivors (2048K)
 Metaspace       used 26978K, capacity 28102K, committed 28288K, reserved 1075200K
  class space    used 3105K, capacity 3364K, committed 3456K, reserved 1048576K
Event: 158.673 GC heap after
Heap after GC invocations=35 (full 0):
 garbage-first heap   total 91136K, used 43302K [0x0000000640000000, 0x00000006401002c8, 0x00000007c0000000)
  region size 1024K, 1 young (1024K), 1 survivors (1024K)
 Metaspace       used 26978K, capacity 28102K, committed 28288K, reserved 1075200K
  class space    used 3105K, capacity 3364K, committed 3456K, reserved 1048576K
}

